d:\src\ff\monos\core\debug\core.pch
d:\src\ff\monos\core\debug\vc140.pdb
d:\src\ff\monos\core\debug\vc140.idb
d:\src\ff\monos\core\debug\stdafx.obj
d:\src\ff\monos\core\debug\app.obj
d:\src\ff\monos\core\debug\config.obj
d:\src\ff\monos\core\debug\configinfo.obj
d:\src\ff\monos\core\debug\connection.obj
d:\src\ff\monos\core\debug\core.obj
d:\src\ff\monos\core\debug\database.obj
d:\src\ff\monos\core\debug\dbinterface.obj
d:\src\ff\monos\core\debug\dbobject.obj
d:\src\ff\monos\core\debug\monoengine.obj
d:\src\ff\monos\core\debug\mysqlexecuter.obj
d:\src\ff\monos\core\debug\network.obj
d:\src\ff\monos\core\debug\role.obj
d:\src\ff\monos\core\debug\scriptargs.obj
d:\src\ff\monos\core\debug\scriptobject.obj
d:\src\ff\monos\core\debug\sqlexecuter.obj
d:\src\ff\monos\core\debug\sqlhelper.obj
d:\src\ff\monos\core\debug\sqltable.obj
d:\src\ff\monos\core\debug\test.obj
d:\src\ff\monos\core\debug\main.obj
d:\src\ff\monos\core\debug\world.obj
d:\src\ff\monos\core\debug\account.obj
d:\src\ff\monos\bin\debug\core.lib
d:\src\ff\monos\bin\debug\core.exp
d:\src\ff\monos\bin\debug\core.ilk
d:\src\ff\monos\bin\debug\core.dll
d:\src\ff\monos\bin\debug\core.pdb
d:\src\ff\monos\core\..\bin\debug\core.dll
d:\src\ff\monos\core\debug\core.tlog\cl.command.1.tlog
d:\src\ff\monos\core\debug\core.tlog\cl.read.1.tlog
d:\src\ff\monos\core\debug\core.tlog\cl.write.1.tlog
d:\src\ff\monos\core\debug\core.tlog\core.write.1u.tlog
d:\src\ff\monos\core\debug\core.tlog\link.command.1.tlog
d:\src\ff\monos\core\debug\core.tlog\link.read.1.tlog
d:\src\ff\monos\core\debug\core.tlog\link.write.1.tlog
