d:\project\monos\monos\pkg\debug\pkg.pch
d:\project\monos\monos\pkg\debug\pkg.pdb
d:\project\monos\monos\pkg\debug\pkg.idb
d:\project\monos\monos\pkg\debug\pch.obj
d:\project\monos\monos\pkg\debug\pkg.obj
d:\project\monos\monos\pkg\debug\bundle.obj
d:\project\monos\monos\bin\debug\pkg.lib
d:\project\monos\monos\bin\debug\pkg.pdb
d:\project\monos\monos\pkg\debug\priconfig.xml
d:\project\monos\monos\pkg\debug\priconfig.xml.intermediate
d:\project\monos\monos\pkg\debug\layout.resfiles
d:\project\monos\monos\pkg\debug\layout.resfiles.intermediate
d:\project\monos\monos\pkg\debug\resources.resfiles
d:\project\monos\monos\pkg\debug\resources.resfiles.intermediate
d:\project\monos\monos\pkg\debug\pri.resfiles
d:\project\monos\monos\pkg\debug\pri.resfiles.intermediate
d:\project\monos\monos\bin\debug\pkg.pri
d:\project\monos\monos\pkg\debug\qualifiers.txt
d:\project\monos\monos\pkg\debug\qualifiers.txt.intermediate
d:\project\monos\monos\pkg\debug\multiplequalifiersperdimensionfound.txt
d:\project\monos\monos\pkg\debug\embed.resfiles
d:\project\monos\monos\pkg\..\bin\debug\pkg.lib
d:\project\monos\monos\pkg\debug\pkg.tlog\cl.command.1.tlog
d:\project\monos\monos\pkg\debug\pkg.tlog\cl.read.1.tlog
d:\project\monos\monos\pkg\debug\pkg.tlog\cl.write.1.tlog
d:\project\monos\monos\pkg\debug\pkg.tlog\lib-link.read.1.tlog
d:\project\monos\monos\pkg\debug\pkg.tlog\lib-link.write.1.tlog
d:\project\monos\monos\pkg\debug\pkg.tlog\lib.command.1.tlog
d:\project\monos\monos\pkg\debug\pkg.tlog\pkg.read.1u.tlog
d:\project\monos\monos\pkg\debug\pkg.tlog\pkg.write.1u.tlog
